<?xml version="1.0" encoding="UTF-8"?>
<!-- Generated by org.testng.reporters.JUnitXMLReporter -->
<testsuite hostname="PC289561" name="Parallel" tests="3" failures="0" timestamp="28 Mar 2017 09:51:17 GMT" time="100.58" errors="0">
  <testcase name="duplicateleads" time="12.179" classname="testNG.homeWork.Duplicatelead"/>
  <testcase name="deleteLeads" time="20.521" classname="testNG.homeWork.DeleteLeads"/>
  <testcase name="login" time="27.516" classname="testNG.homeWork.Mergeleads"/>
</testsuite> <!-- Parallel -->
