<?xml version="1.0" encoding="UTF-8"?>
<testng-results skipped="0" failed="0" total="1" passed="1">
  <reporter-output>
  </reporter-output>
  <suite name="Default suite" duration-ms="7390" started-at="2017-04-25T09:02:40Z" finished-at="2017-04-25T09:02:47Z">
    <groups>
    </groups>
    <test name="Default test" duration-ms="7390" started-at="2017-04-25T09:02:40Z" finished-at="2017-04-25T09:02:47Z">
      <class name="practising.Selenium.april.WebtableTestLeaf">
        <test-method status="PASS" signature="invokeBrowser()[pri:0, instance:practising.Selenium.april.WebtableTestLeaf@1b6a447]" name="invokeBrowser" is-config="true" duration-ms="5887" started-at="2017-04-25T14:32:40Z" finished-at="2017-04-25T14:32:46Z">
          <reporter-output>
          </reporter-output>
        </test-method> <!-- invokeBrowser -->
        <test-method status="PASS" signature="readTable()[pri:0, instance:practising.Selenium.april.WebtableTestLeaf@1b6a447]" name="readTable" duration-ms="1450" started-at="2017-04-25T14:32:46Z" finished-at="2017-04-25T14:32:47Z">
          <reporter-output>
          </reporter-output>
        </test-method> <!-- readTable -->
        <test-method status="PASS" signature="browserClose()[pri:0, instance:practising.Selenium.april.WebtableTestLeaf@1b6a447]" name="browserClose" is-config="true" duration-ms="50" started-at="2017-04-25T14:32:47Z" finished-at="2017-04-25T14:32:47Z">
          <reporter-output>
          </reporter-output>
        </test-method> <!-- browserClose -->
      </class> <!-- practising.Selenium.april.WebtableTestLeaf -->
    </test> <!-- Default test -->
  </suite> <!-- Default suite -->
</testng-results>
